# Logfile created on Wed Jul 28 15:19:45 -0400 2010

Processing CssController#index (for 127.0.0.1 at 2010-07-28 15:20:23) [GET]
>>>>>>>>>>>>>>>>>>>>  en
Rendering template within layouts/application
Rendering css/index
Completed in 93ms (View: 52, DB: 0) | 200 OK [http://localhost/]


Processing CssController#index (for 127.0.0.1 at 2010-07-28 15:23:02) [GET]
>>>>>>>>>>>>>>>>>>>>  en
Rendering template within layouts/application
Rendering css/index
Completed in 5ms (View: 4, DB: 0) | 200 OK [http://localhost/]


Processing CssController#index (for 127.0.0.1 at 2010-07-28 15:23:12) [GET]
>>>>>>>>>>>>>>>>>>>>  en
Rendering template within layouts/application
Rendering css/index
Completed in 6ms (View: 4, DB: 0) | 200 OK [http://localhost/]


Processing CssController#index (for 127.0.0.1 at 2010-07-28 15:23:35) [GET]
>>>>>>>>>>>>>>>>>>>>  en
Rendering template within layouts/application
Rendering css/index
Completed in 7ms (View: 5, DB: 0) | 200 OK [http://localhost/]


Processing CssController#index (for 127.0.0.1 at 2010-07-28 15:23:59) [GET]
>>>>>>>>>>>>>>>>>>>>  en
Rendering template within layouts/application
Rendering css/index
Completed in 17ms (View: 11, DB: 0) | 200 OK [http://localhost/]


Processing CssController#index (for 127.0.0.1 at 2010-07-28 15:26:41) [GET]
>>>>>>>>>>>>>>>>>>>>  en
Rendering template within layouts/application
Rendering css/index
Completed in 17ms (View: 11, DB: 0) | 200 OK [http://localhost/]


Processing CssController#index (for 127.0.0.1 at 2010-07-28 15:29:51) [GET]
>>>>>>>>>>>>>>>>>>>>  en
Rendering template within layouts/application
Rendering css/index
Completed in 17ms (View: 11, DB: 0) | 200 OK [http://localhost/]


Processing CssController#index (for 127.0.0.1 at 2010-07-28 15:30:18) [GET]
>>>>>>>>>>>>>>>>>>>>  en
Rendering template within layouts/application
Rendering css/index
Completed in 5ms (View: 4, DB: 0) | 200 OK [http://localhost/]


Processing CssController#index (for 127.0.0.1 at 2010-07-28 15:31:11) [GET]
>>>>>>>>>>>>>>>>>>>>  en
Rendering template within layouts/application
Rendering css/index
Completed in 10ms (View: 8, DB: 0) | 200 OK [http://localhost/]


Processing CssController#index (for 127.0.0.1 at 2010-07-28 15:32:02) [GET]
>>>>>>>>>>>>>>>>>>>>  en
Rendering template within layouts/application
Rendering css/index
Completed in 8ms (View: 7, DB: 0) | 200 OK [http://localhost/]


Processing CssController#index (for 127.0.0.1 at 2010-07-28 15:34:58) [GET]
>>>>>>>>>>>>>>>>>>>>  en
Rendering template within layouts/application
Rendering css/index
Completed in 13ms (View: 11, DB: 0) | 200 OK [http://localhost/]


Processing CssController#index (for 127.0.0.1 at 2010-07-28 15:38:48) [GET]
>>>>>>>>>>>>>>>>>>>>  en
Rendering template within layouts/application
Rendering css/index
Completed in 9ms (View: 7, DB: 0) | 200 OK [http://localhost/]


Processing CssController#index (for 127.0.0.1 at 2010-07-28 15:40:26) [GET]
>>>>>>>>>>>>>>>>>>>>  en
Rendering template within layouts/application
Rendering css/index
Completed in 6ms (View: 4, DB: 0) | 200 OK [http://localhost/]


Processing CssController#index (for 127.0.0.1 at 2010-07-28 15:41:08) [GET]
>>>>>>>>>>>>>>>>>>>>  en
Rendering template within layouts/application
Rendering css/index
Completed in 6ms (View: 4, DB: 0) | 200 OK [http://localhost/]


Processing CssController#index (for 127.0.0.1 at 2010-07-28 15:41:24) [GET]
>>>>>>>>>>>>>>>>>>>>  en
Rendering template within layouts/application
Rendering css/index
Completed in 6ms (View: 4, DB: 0) | 200 OK [http://localhost/]


Processing CssController#index (for 127.0.0.1 at 2010-07-28 15:41:38) [GET]
>>>>>>>>>>>>>>>>>>>>  en
Rendering template within layouts/application
Rendering css/index
Completed in 6ms (View: 4, DB: 0) | 200 OK [http://localhost/]


Processing CssController#index (for 127.0.0.1 at 2010-07-28 15:41:55) [GET]
>>>>>>>>>>>>>>>>>>>>  en
Rendering template within layouts/application
Rendering css/index
Completed in 8ms (View: 4, DB: 0) | 200 OK [http://localhost/]


Processing CssController#index (for 127.0.0.1 at 2010-07-28 15:41:58) [GET]
>>>>>>>>>>>>>>>>>>>>  en
Rendering template within layouts/application
Rendering css/index
Completed in 6ms (View: 4, DB: 0) | 200 OK [http://localhost/]


Processing CssController#index (for 127.0.0.1 at 2010-07-28 15:42:24) [GET]
>>>>>>>>>>>>>>>>>>>>  en
Rendering template within layouts/application
Rendering css/index
Completed in 5ms (View: 4, DB: 0) | 200 OK [http://localhost/]


Processing CssController#index (for 127.0.0.1 at 2010-07-28 15:44:45) [GET]
>>>>>>>>>>>>>>>>>>>>  en
Rendering template within layouts/application
Rendering css/index
Completed in 9ms (View: 7, DB: 0) | 200 OK [http://localhost/]


Processing CssController#index (for 127.0.0.1 at 2010-07-28 15:45:19) [GET]
>>>>>>>>>>>>>>>>>>>>  en
Rendering template within layouts/application
Rendering css/index
Completed in 9ms (View: 7, DB: 0) | 200 OK [http://localhost/]


Processing CssController#index (for 127.0.0.1 at 2010-07-28 15:47:06) [GET]
>>>>>>>>>>>>>>>>>>>>  en
Rendering template within layouts/application
Rendering css/index
Completed in 61ms (View: 59, DB: 0) | 200 OK [http://localhost/]


Processing CssController#index (for 127.0.0.1 at 2010-07-28 15:48:27) [GET]
>>>>>>>>>>>>>>>>>>>>  en
Rendering template within layouts/application
Rendering css/index
Completed in 9ms (View: 7, DB: 0) | 200 OK [http://localhost/]


Processing CssController#index (for 127.0.0.1 at 2010-07-28 15:49:52) [GET]
>>>>>>>>>>>>>>>>>>>>  en
Rendering template within layouts/application
Rendering css/index
Completed in 6ms (View: 4, DB: 0) | 200 OK [http://localhost/]


Processing CssController#index (for 127.0.0.1 at 2010-07-28 15:50:24) [GET]
>>>>>>>>>>>>>>>>>>>>  en
Rendering template within layouts/application
Rendering css/index
Completed in 6ms (View: 4, DB: 0) | 200 OK [http://localhost/]
